{"/Users/mittal/Projects/journey-builder-challenge/src/components/EdgeList/index.tsx": {"path":"/Users/mittal/Projects/journey-builder-challenge/src/components/EdgeList/index.tsx","statementMap":{"0":{"start":{"line":2,"column":0},"end":{"line":2,"column":26}},"1":{"start":{"line":4,"column":0},"end":{"line":4,"column":50}},"2":{"start":{"line":11,"column":42},"end":{"line":30,"column":1}},"3":{"start":{"line":13,"column":19},"end":{"line":14,"column":null}},"4":{"start":{"line":14,"column":22},"end":{"line":14,"column":47}},"5":{"start":{"line":17,"column":2},"end":{"line":29,"column":4}},"6":{"start":{"line":20,"column":27},"end":{"line":20,"column":63}},"7":{"start":{"line":21,"column":27},"end":{"line":21,"column":63}},"8":{"start":{"line":22,"column":8},"end":{"line":26,"column":10}},"9":{"start":{"line":32,"column":0},"end":{"line":32,"column":24}}},"fnMap":{"0":{"name":"(anonymous_0)","decl":{"start":{"line":11,"column":42},"end":{"line":11,"column":43}},"loc":{"start":{"line":11,"column":63},"end":{"line":30,"column":1}}},"1":{"name":"(anonymous_1)","decl":{"start":{"line":14,"column":14},"end":{"line":14,"column":18}},"loc":{"start":{"line":14,"column":22},"end":{"line":14,"column":47}}},"2":{"name":"(anonymous_2)","decl":{"start":{"line":19,"column":17},"end":{"line":19,"column":18}},"loc":{"start":{"line":19,"column":31},"end":{"line":27,"column":7}}}},"branchMap":{"0":{"loc":{"start":{"line":20,"column":27},"end":{"line":20,"column":63}},"type":"cond-expr","locations":[{"start":{"line":20,"column":48},"end":{"line":20,"column":52}},{"start":{"line":20,"column":52},"end":{"line":20,"column":63}}]},"1":{"loc":{"start":{"line":20,"column":27},"end":{"line":20,"column":52}},"type":"binary-expr","locations":[{"start":{"line":20,"column":27},"end":{"line":20,"column":52}},{"start":{"line":20,"column":48},"end":{"line":20,"column":52}}]},"2":{"loc":{"start":{"line":21,"column":27},"end":{"line":21,"column":63}},"type":"cond-expr","locations":[{"start":{"line":21,"column":48},"end":{"line":21,"column":52}},{"start":{"line":21,"column":52},"end":{"line":21,"column":63}}]},"3":{"loc":{"start":{"line":21,"column":27},"end":{"line":21,"column":52}},"type":"binary-expr","locations":[{"start":{"line":21,"column":27},"end":{"line":21,"column":52}},{"start":{"line":21,"column":48},"end":{"line":21,"column":52}}]}},"s":{"0":1,"1":1,"2":1,"3":1,"4":2,"5":1,"6":2,"7":2,"8":2,"9":1},"f":{"0":1,"1":2,"2":2},"b":{"0":[2,0],"1":[2,2],"2":[2,0],"3":[2,2]}}
,"/Users/mittal/Projects/journey-builder-challenge/src/components/MappingModal/index.tsx": {"path":"/Users/mittal/Projects/journey-builder-challenge/src/components/MappingModal/index.tsx","statementMap":{"0":{"start":{"line":2,"column":0},"end":{"line":2,"column":40}},"1":{"start":{"line":3,"column":0},"end":{"line":3,"column":47}},"2":{"start":{"line":4,"column":0},"end":{"line":4,"column":86}},"3":{"start":{"line":20,"column":43},"end":{"line":129,"column":1}},"4":{"start":{"line":32,"column":34},"end":{"line":32,"column":60}},"5":{"start":{"line":35,"column":4},"end":{"line":37,"column":5}},"6":{"start":{"line":35,"column":23},"end":{"line":37,"column":5}},"7":{"start":{"line":36,"column":6},"end":{"line":36,"column":43}},"8":{"start":{"line":39,"column":2},"end":{"line":39,"column":27}},"9":{"start":{"line":39,"column":15},"end":{"line":39,"column":27}},"10":{"start":{"line":41,"column":2},"end":{"line":128,"column":4}},"11":{"start":{"line":59,"column":28},"end":{"line":59,"column":66}},"12":{"start":{"line":60,"column":14},"end":{"line":75,"column":16}},"13":{"start":{"line":63,"column":20},"end":{"line":64,"column":null}},"14":{"start":{"line":67,"column":24},"end":{"line":67,"column":82}},"15":{"start":{"line":68,"column":24},"end":{"line":68,"column":34}},"16":{"start":{"line":85,"column":28},"end":{"line":85,"column":66}},"17":{"start":{"line":86,"column":14},"end":{"line":101,"column":16}},"18":{"start":{"line":89,"column":20},"end":{"line":90,"column":null}},"19":{"start":{"line":93,"column":24},"end":{"line":93,"column":82}},"20":{"start":{"line":94,"column":24},"end":{"line":94,"column":34}},"21":{"start":{"line":112,"column":16},"end":{"line":113,"column":null}},"22":{"start":{"line":116,"column":20},"end":{"line":116,"column":72}},"23":{"start":{"line":117,"column":20},"end":{"line":117,"column":30}},"24":{"start":{"line":131,"column":0},"end":{"line":131,"column":28}}},"fnMap":{"0":{"name":"(anonymous_0)","decl":{"start":{"line":20,"column":43},"end":{"line":20,"column":44}},"loc":{"start":{"line":31,"column":5},"end":{"line":129,"column":1}}},"1":{"name":"(anonymous_1)","decl":{"start":{"line":35,"column":4},"end":{"line":35,"column":5}},"loc":{"start":{"line":35,"column":23},"end":{"line":37,"column":5}}},"2":{"name":"(anonymous_2)","decl":{"start":{"line":35,"column":23},"end":{"line":35,"column":24}},"loc":{"start":{"line":35,"column":76},"end":{"line":37,"column":5}}},"3":{"name":"(anonymous_3)","decl":{"start":{"line":58,"column":35},"end":{"line":58,"column":41}},"loc":{"start":{"line":58,"column":44},"end":{"line":76,"column":13}}},"4":{"name":"(anonymous_4)","decl":{"start":{"line":62,"column":75},"end":{"line":62,"column":76}},"loc":{"start":{"line":63,"column":20},"end":{"line":64,"column":null}}},"5":{"name":"(anonymous_5)","decl":{"start":{"line":66,"column":31},"end":{"line":66,"column":34}},"loc":{"start":{"line":66,"column":36},"end":{"line":69,"column":23}}},"6":{"name":"(anonymous_6)","decl":{"start":{"line":84,"column":39},"end":{"line":84,"column":45}},"loc":{"start":{"line":84,"column":48},"end":{"line":102,"column":13}}},"7":{"name":"(anonymous_7)","decl":{"start":{"line":88,"column":75},"end":{"line":88,"column":76}},"loc":{"start":{"line":89,"column":20},"end":{"line":90,"column":null}}},"8":{"name":"(anonymous_8)","decl":{"start":{"line":92,"column":31},"end":{"line":92,"column":34}},"loc":{"start":{"line":92,"column":36},"end":{"line":95,"column":23}}},"9":{"name":"(anonymous_9)","decl":{"start":{"line":111,"column":32},"end":{"line":111,"column":33}},"loc":{"start":{"line":112,"column":16},"end":{"line":113,"column":null}}},"10":{"name":"(anonymous_10)","decl":{"start":{"line":115,"column":27},"end":{"line":115,"column":30}},"loc":{"start":{"line":115,"column":32},"end":{"line":118,"column":19}}}},"branchMap":{"0":{"loc":{"start":{"line":36,"column":18},"end":{"line":36,"column":41}},"type":"cond-expr","locations":[{"start":{"line":36,"column":31},"end":{"line":36,"column":36}},{"start":{"line":36,"column":39},"end":{"line":36,"column":41}}]},"1":{"loc":{"start":{"line":39,"column":2},"end":{"line":39,"column":27}},"type":"if","locations":[{"start":{"line":39,"column":2},"end":{"line":39,"column":27}},{"start":{},"end":{}}]}},"s":{"0":2,"1":2,"2":2,"3":2,"4":16,"5":16,"6":27,"7":4,"8":16,"9":7,"10":9,"11":1,"12":1,"13":1,"14":1,"15":1,"16":0,"17":0,"18":0,"19":0,"20":0,"21":19,"22":2,"23":2,"24":2},"f":{"0":16,"1":27,"2":4,"3":1,"4":1,"5":1,"6":0,"7":0,"8":0,"9":19,"10":2},"b":{"0":[3,1],"1":[7,9]}}
,"/Users/mittal/Projects/journey-builder-challenge/src/components/NodeList/index.tsx": {"path":"/Users/mittal/Projects/journey-builder-challenge/src/components/NodeList/index.tsx","statementMap":{"0":{"start":{"line":2,"column":0},"end":{"line":2,"column":26}},"1":{"start":{"line":4,"column":0},"end":{"line":4,"column":83}},"2":{"start":{"line":12,"column":42},"end":{"line":50,"column":2}},"3":{"start":{"line":14,"column":2},"end":{"line":50,"column":2}},"4":{"start":{"line":24,"column":6},"end":{"line":24,"column":null}},"5":{"start":{"line":26,"column":25},"end":{"line":26,"column":46}},"6":{"start":{"line":52,"column":0},"end":{"line":52,"column":24}}},"fnMap":{"0":{"name":"(anonymous_0)","decl":{"start":{"line":12,"column":42},"end":{"line":12,"column":43}},"loc":{"start":{"line":12,"column":86},"end":{"line":50,"column":2}}},"1":{"name":"(anonymous_1)","decl":{"start":{"line":23,"column":15},"end":{"line":23,"column":19}},"loc":{"start":{"line":24,"column":6},"end":{"line":24,"column":null}}},"2":{"name":"(anonymous_2)","decl":{"start":{"line":26,"column":19},"end":{"line":26,"column":22}},"loc":{"start":{"line":26,"column":25},"end":{"line":26,"column":46}}}},"branchMap":{"0":{"loc":{"start":{"line":27,"column":23},"end":{"line":27,"column":66}},"type":"cond-expr","locations":[{"start":{"line":27,"column":52},"end":{"line":27,"column":54}},{"start":{"line":27,"column":57},"end":{"line":27,"column":66}}]}},"s":{"0":1,"1":1,"2":1,"3":1,"4":1,"5":0,"6":1},"f":{"0":1,"1":1,"2":0},"b":{"0":[0,1]}}
,"/Users/mittal/Projects/journey-builder-challenge/src/components/PrefillMapping/index.tsx": {"path":"/Users/mittal/Projects/journey-builder-challenge/src/components/PrefillMapping/index.tsx","statementMap":{"0":{"start":{"line":2,"column":0},"end":{"line":2,"column":40}},"1":{"start":{"line":4,"column":0},"end":{"line":4,"column":48}},"2":{"start":{"line":6,"column":0},"end":{"line":6,"column":82}},"3":{"start":{"line":7,"column":0},"end":{"line":7,"column":43}},"4":{"start":{"line":17,"column":21},"end":{"line":17,"column":65}},"5":{"start":{"line":19,"column":54},"end":{"line":144,"column":1}},"6":{"start":{"line":21,"column":36},"end":{"line":21,"column":51}},"7":{"start":{"line":22,"column":40},"end":{"line":22,"column":69}},"8":{"start":{"line":25,"column":18},"end":{"line":25,"column":55}},"9":{"start":{"line":25,"column":44},"end":{"line":25,"column":53}},"10":{"start":{"line":26,"column":18},"end":{"line":26,"column":55}},"11":{"start":{"line":26,"column":44},"end":{"line":26,"column":53}},"12":{"start":{"line":29,"column":28},"end":{"line":31,"column":41}},"13":{"start":{"line":30,"column":15},"end":{"line":30,"column":30}},"14":{"start":{"line":31,"column":30},"end":{"line":31,"column":40}},"15":{"start":{"line":34,"column":23},"end":{"line":43,"column":3}},"16":{"start":{"line":35,"column":20},"end":{"line":35,"column":61}},"17":{"start":{"line":36,"column":4},"end":{"line":41,"column":5}},"18":{"start":{"line":37,"column":6},"end":{"line":40,"column":7}},"19":{"start":{"line":38,"column":8},"end":{"line":38,"column":22}},"20":{"start":{"line":39,"column":8},"end":{"line":39,"column":32}},"21":{"start":{"line":42,"column":4},"end":{"line":42,"column":16}},"22":{"start":{"line":44,"column":25},"end":{"line":44,"column":46}},"23":{"start":{"line":46,"column":2},"end":{"line":46,"column":62}},"24":{"start":{"line":46,"column":33},"end":{"line":46,"column":60}},"25":{"start":{"line":47,"column":2},"end":{"line":47,"column":33}},"26":{"start":{"line":48,"column":32},"end":{"line":50,"column":41}},"27":{"start":{"line":49,"column":15},"end":{"line":49,"column":30}},"28":{"start":{"line":50,"column":30},"end":{"line":50,"column":40}},"29":{"start":{"line":53,"column":21},"end":{"line":54,"column":null}},"30":{"start":{"line":58,"column":22},"end":{"line":58,"column":71}},"31":{"start":{"line":60,"column":2},"end":{"line":143,"column":null}},"32":{"start":{"line":77,"column":25},"end":{"line":77,"column":43}},"33":{"start":{"line":79,"column":10},"end":{"line":124,"column":12}},"34":{"start":{"line":97,"column":37},"end":{"line":97,"column":72}},"35":{"start":{"line":104,"column":24},"end":{"line":104,"column":46}},"36":{"start":{"line":105,"column":24},"end":{"line":105,"column":43}},"37":{"start":{"line":115,"column":22},"end":{"line":115,"column":44}},"38":{"start":{"line":116,"column":22},"end":{"line":116,"column":41}},"39":{"start":{"line":131,"column":10},"end":{"line":131,"column":30}},"40":{"start":{"line":132,"column":10},"end":{"line":132,"column":31}},"41":{"start":{"line":146,"column":0},"end":{"line":146,"column":30}}},"fnMap":{"0":{"name":"(anonymous_0)","decl":{"start":{"line":19,"column":54},"end":{"line":19,"column":55}},"loc":{"start":{"line":19,"column":108},"end":{"line":144,"column":1}}},"1":{"name":"(anonymous_1)","decl":{"start":{"line":25,"column":39},"end":{"line":25,"column":40}},"loc":{"start":{"line":25,"column":44},"end":{"line":25,"column":53}}},"2":{"name":"(anonymous_2)","decl":{"start":{"line":26,"column":39},"end":{"line":26,"column":40}},"loc":{"start":{"line":26,"column":44},"end":{"line":26,"column":53}}},"3":{"name":"(anonymous_3)","decl":{"start":{"line":30,"column":9},"end":{"line":30,"column":11}},"loc":{"start":{"line":30,"column":15},"end":{"line":30,"column":30}}},"4":{"name":"(anonymous_4)","decl":{"start":{"line":31,"column":12},"end":{"line":31,"column":13}},"loc":{"start":{"line":31,"column":30},"end":{"line":31,"column":40}}},"5":{"name":"(anonymous_5)","decl":{"start":{"line":34,"column":23},"end":{"line":34,"column":24}},"loc":{"start":{"line":34,"column":77},"end":{"line":43,"column":3}}},"6":{"name":"(anonymous_6)","decl":{"start":{"line":46,"column":28},"end":{"line":46,"column":29}},"loc":{"start":{"line":46,"column":33},"end":{"line":46,"column":60}}},"7":{"name":"(anonymous_7)","decl":{"start":{"line":49,"column":9},"end":{"line":49,"column":11}},"loc":{"start":{"line":49,"column":15},"end":{"line":49,"column":30}}},"8":{"name":"(anonymous_8)","decl":{"start":{"line":50,"column":12},"end":{"line":50,"column":13}},"loc":{"start":{"line":50,"column":30},"end":{"line":50,"column":40}}},"9":{"name":"(anonymous_9)","decl":{"start":{"line":76,"column":28},"end":{"line":76,"column":33}},"loc":{"start":{"line":76,"column":36},"end":{"line":125,"column":9}}},"10":{"name":"(anonymous_10)","decl":{"start":{"line":97,"column":31},"end":{"line":97,"column":34}},"loc":{"start":{"line":97,"column":37},"end":{"line":97,"column":72}}},"11":{"name":"(anonymous_11)","decl":{"start":{"line":103,"column":31},"end":{"line":103,"column":34}},"loc":{"start":{"line":103,"column":36},"end":{"line":106,"column":23}}},"12":{"name":"(anonymous_12)","decl":{"start":{"line":114,"column":29},"end":{"line":114,"column":32}},"loc":{"start":{"line":114,"column":34},"end":{"line":117,"column":21}}},"13":{"name":"(anonymous_13)","decl":{"start":{"line":130,"column":17},"end":{"line":130,"column":20}},"loc":{"start":{"line":130,"column":22},"end":{"line":133,"column":9}}}},"branchMap":{"0":{"loc":{"start":{"line":34,"column":36},"end":{"line":34,"column":60}},"type":"default-arg","locations":[{"start":{"line":34,"column":43},"end":{"line":34,"column":60}}]},"1":{"loc":{"start":{"line":35,"column":20},"end":{"line":35,"column":61}},"type":"binary-expr","locations":[{"start":{"line":35,"column":20},"end":{"line":35,"column":55}},{"start":{"line":35,"column":59},"end":{"line":35,"column":61}}]},"2":{"loc":{"start":{"line":35,"column":20},"end":{"line":35,"column":55}},"type":"cond-expr","locations":[{"start":{"line":35,"column":35},"end":{"line":35,"column":37}},{"start":{"line":35,"column":35},"end":{"line":35,"column":55}}]},"3":{"loc":{"start":{"line":35,"column":20},"end":{"line":35,"column":37}},"type":"binary-expr","locations":[{"start":{"line":35,"column":20},"end":{"line":35,"column":37}},{"start":{"line":35,"column":35},"end":{"line":35,"column":37}}]},"4":{"loc":{"start":{"line":37,"column":6},"end":{"line":40,"column":7}},"type":"if","locations":[{"start":{"line":37,"column":6},"end":{"line":40,"column":7}},{"start":{},"end":{}}]},"5":{"loc":{"start":{"line":54,"column":5},"end":{"line":54,"column":47}},"type":"binary-expr","locations":[{"start":{"line":54,"column":5},"end":{"line":54,"column":41}},{"start":{"line":54,"column":45},"end":{"line":54,"column":47}}]},"6":{"loc":{"start":{"line":72,"column":9},"end":{"line":125,"column":11}},"type":"cond-expr","locations":[{"start":{"line":73,"column":10},"end":{"line":73,"column":null}},{"start":{"line":76,"column":13},"end":{"line":125,"column":10}}]},"7":{"loc":{"start":{"line":86,"column":28},"end":{"line":86,"column":70}},"type":"cond-expr","locations":[{"start":{"line":86,"column":37},"end":{"line":86,"column":51}},{"start":{"line":86,"column":54},"end":{"line":86,"column":70}}]},"8":{"loc":{"start":{"line":89,"column":19},"end":{"line":89,"column":58}},"type":"cond-expr","locations":[{"start":{"line":89,"column":28},"end":{"line":89,"column":50}},{"start":{"line":89,"column":53},"end":{"line":89,"column":58}}]},"9":{"loc":{"start":{"line":93,"column":17},"end":{"line":120,"column":null}},"type":"cond-expr","locations":[{"start":{"line":94,"column":18},"end":{"line":109,"column":null}},{"start":{"line":112,"column":18},"end":{"line":117,"column":null}}]},"10":{"loc":{"start":{"line":128,"column":15},"end":{"line":128,"column":70}},"type":"cond-expr","locations":[{"start":{"line":128,"column":29},"end":{"line":128,"column":65}},{"start":{"line":128,"column":68},"end":{"line":128,"column":70}}]}},"s":{"0":1,"1":1,"2":1,"3":1,"4":1,"5":1,"6":8,"7":8,"8":8,"9":8,"10":8,"11":8,"12":8,"13":0,"14":0,"15":8,"16":8,"17":8,"18":0,"19":0,"20":0,"21":8,"22":8,"23":8,"24":0,"25":8,"26":8,"27":0,"28":0,"29":8,"30":8,"31":8,"32":7,"33":7,"34":1,"35":1,"36":1,"37":1,"38":1,"39":1,"40":1,"41":1},"f":{"0":8,"1":8,"2":8,"3":0,"4":0,"5":8,"6":0,"7":0,"8":0,"9":7,"10":1,"11":1,"12":1,"13":1},"b":{"0":[8],"1":[8,0],"2":[0,8],"3":[8,8],"4":[0,0],"5":[8,0],"6":[1,7],"7":[4,3],"8":[4,3],"9":[4,3],"10":[2,6]}}
}
