TN:
SF:src/components/EdgeList/index.tsx
FN:11,(anonymous_0)
FN:14,(anonymous_1)
FN:19,(anonymous_2)
FNF:3
FNH:3
FNDA:1,(anonymous_0)
FNDA:2,(anonymous_1)
FNDA:2,(anonymous_2)
DA:2,1
DA:4,1
DA:11,1
DA:13,1
DA:14,2
DA:17,1
DA:20,2
DA:21,2
DA:22,2
DA:32,1
LF:10
LH:10
BRDA:20,0,0,2
BRDA:20,0,1,0
BRDA:20,1,0,2
BRDA:20,1,1,2
BRDA:21,2,0,2
BRDA:21,2,1,0
BRDA:21,3,0,2
BRDA:21,3,1,2
BRF:8
BRH:6
end_of_record
TN:
SF:src/components/MappingModal/index.tsx
FN:20,(anonymous_0)
FN:35,(anonymous_1)
FN:35,(anonymous_2)
FN:58,(anonymous_3)
FN:62,(anonymous_4)
FN:66,(anonymous_5)
FN:84,(anonymous_6)
FN:88,(anonymous_7)
FN:92,(anonymous_8)
FN:111,(anonymous_9)
FN:115,(anonymous_10)
FNF:11
FNH:8
FNDA:16,(anonymous_0)
FNDA:27,(anonymous_1)
FNDA:4,(anonymous_2)
FNDA:1,(anonymous_3)
FNDA:1,(anonymous_4)
FNDA:1,(anonymous_5)
FNDA:0,(anonymous_6)
FNDA:0,(anonymous_7)
FNDA:0,(anonymous_8)
FNDA:19,(anonymous_9)
FNDA:2,(anonymous_10)
DA:2,2
DA:3,2
DA:4,2
DA:20,2
DA:32,16
DA:35,27
DA:36,4
DA:39,16
DA:41,9
DA:59,1
DA:60,1
DA:63,1
DA:67,1
DA:68,1
DA:85,0
DA:86,0
DA:89,0
DA:93,0
DA:94,0
DA:112,19
DA:116,2
DA:117,2
DA:131,2
LF:23
LH:18
BRDA:36,0,0,3
BRDA:36,0,1,1
BRDA:39,1,0,7
BRDA:39,1,1,9
BRF:4
BRH:4
end_of_record
TN:
SF:src/components/NodeList/index.tsx
FN:12,(anonymous_0)
FN:23,(anonymous_1)
FN:26,(anonymous_2)
FNF:3
FNH:2
FNDA:1,(anonymous_0)
FNDA:1,(anonymous_1)
FNDA:0,(anonymous_2)
DA:2,1
DA:4,1
DA:12,1
DA:14,1
DA:24,1
DA:26,0
DA:52,1
LF:7
LH:6
BRDA:27,0,0,0
BRDA:27,0,1,1
BRF:2
BRH:1
end_of_record
TN:
SF:src/components/PrefillMapping/index.tsx
FN:19,(anonymous_0)
FN:25,(anonymous_1)
FN:26,(anonymous_2)
FN:30,(anonymous_3)
FN:31,(anonymous_4)
FN:34,(anonymous_5)
FN:46,(anonymous_6)
FN:49,(anonymous_7)
FN:50,(anonymous_8)
FN:76,(anonymous_9)
FN:97,(anonymous_10)
FN:103,(anonymous_11)
FN:114,(anonymous_12)
FN:130,(anonymous_13)
FNF:14
FNH:9
FNDA:8,(anonymous_0)
FNDA:8,(anonymous_1)
FNDA:8,(anonymous_2)
FNDA:0,(anonymous_3)
FNDA:0,(anonymous_4)
FNDA:8,(anonymous_5)
FNDA:0,(anonymous_6)
FNDA:0,(anonymous_7)
FNDA:0,(anonymous_8)
FNDA:7,(anonymous_9)
FNDA:1,(anonymous_10)
FNDA:1,(anonymous_11)
FNDA:1,(anonymous_12)
FNDA:1,(anonymous_13)
DA:2,1
DA:4,1
DA:6,1
DA:7,1
DA:17,1
DA:19,1
DA:21,8
DA:22,8
DA:25,8
DA:26,8
DA:29,8
DA:30,0
DA:31,0
DA:34,8
DA:35,8
DA:36,8
DA:37,0
DA:38,0
DA:39,0
DA:42,8
DA:44,8
DA:46,8
DA:47,8
DA:48,8
DA:49,0
DA:50,0
DA:53,8
DA:58,8
DA:60,8
DA:77,7
DA:79,7
DA:97,1
DA:104,1
DA:105,1
DA:115,1
DA:116,1
DA:131,1
DA:132,1
DA:146,1
LF:39
LH:32
BRDA:34,0,0,8
BRDA:35,1,0,8
BRDA:35,1,1,0
BRDA:35,2,0,0
BRDA:35,2,1,8
BRDA:35,3,0,8
BRDA:35,3,1,8
BRDA:37,4,0,0
BRDA:37,4,1,0
BRDA:54,5,0,8
BRDA:54,5,1,0
BRDA:72,6,0,1
BRDA:72,6,1,7
BRDA:86,7,0,4
BRDA:86,7,1,3
BRDA:89,8,0,4
BRDA:89,8,1,3
BRDA:93,9,0,4
BRDA:93,9,1,3
BRDA:128,10,0,2
BRDA:128,10,1,6
BRF:21
BRH:16
end_of_record
